[9/23/15 10:10:25:963 EDT] 00000001 com.ibm.ws.logging.internal.TraceSpecification               I TRAS0018I: The trace state has been changed. The new trace state is *=info=enabled.
[9/23/15 10:10:26:072 EDT] 00000001 .ibm.ws.kernel.launch.internal.platform.FrameworkManagerImpl A CWWKE0001I: The server defaultServer0 has been launched.
[9/23/15 10:10:28:256 EDT] 00000019 com.ibm.ws.kernel.feature.internal.FeatureManager            I CWWKF0007I: Feature update started.
[9/23/15 10:10:28:412 EDT] 00000001 .ibm.ws.kernel.launch.internal.platform.FrameworkManagerImpl I CWWKE0002I: The kernel started after 2.964
[9/23/15 10:10:30:690 EDT] 00000012 com.ibm.ws.tcpchannel.internal.TCPChannel                    I CWWKO0219I: TCP Channel defaultHttpEndpoint has been started and is now listening for requests on host *  (IPv6) port 9999.
[9/23/15 10:10:31:610 EDT] 00000012 com.ibm.ws.app.manager.internal.monitor.DropinMonitor        A CWWKZ0058I: Monitoring dropins for applications. 
[9/23/15 10:10:31:642 EDT] 0000001b com.ibm.ws.app.manager.internal.statemachine.StartAction     I CWWKZ0018I: Starting application proxy.
[9/23/15 10:10:32:702 EDT] 0000001b com.ibm.ws.webcontainer.osgi.webapp.WebGroup                 I SRVE0169I: Loading Web Module: Ajax Proxy for IBM WebSphere.
[9/23/15 10:10:32:702 EDT] 0000001b com.ibm.ws.webcontainer                                      I SRVE0250I: Web Module Ajax Proxy for IBM WebSphere has been bound to default_host.
[9/23/15 10:10:32:702 EDT] 0000001b com.ibm.ws.http.internal.VirtualHostImpl                     A CWWKT0016I: Web application available (default_host): http://VDDP03P-17D39AB.lm.lmig.com:9999/proxy/*
[9/23/15 10:10:32:718 EDT] 0000001b com.ibm.ws.webcontainer.osgi.WebContainer                    I SRVE9998I: Application proxy added to web container.
[9/23/15 10:10:32:718 EDT] 0000001b com.ibm.ws.app.manager.internal.statemachine.StartAction     A CWWKZ0001I: Application proxy started in 1.076 seconds.
[9/23/15 10:10:32:734 EDT] 0000001b com.ibm.ws.app.manager.internal.statemachine.StartAction     I CWWKZ0018I: Starting application ILSharedUIWeb.
[9/23/15 10:10:32:812 EDT] 0000001b com.ibm.ws.webcontainer.osgi.webapp.WebGroup                 I SRVE0169I: Loading Web Module: ILSharedUIWeb.
[9/23/15 10:10:32:812 EDT] 0000001b com.ibm.ws.webcontainer                                      I SRVE0250I: Web Module ILSharedUIWeb has been bound to default_host.
[9/23/15 10:10:32:812 EDT] 0000001b com.ibm.ws.http.internal.VirtualHostImpl                     A CWWKT0016I: Web application available (default_host): http://VDDP03P-17D39AB.lm.lmig.com:9999/common/*
[9/23/15 10:10:32:812 EDT] 0000001b com.ibm.ws.webcontainer.osgi.WebContainer                    I SRVE9998I: Application ILSharedUIWeb added to web container.
[9/23/15 10:10:32:812 EDT] 0000001b com.ibm.ws.app.manager.internal.statemachine.StartAction     A CWWKZ0001I: Application ILSharedUIWeb started in 0.8 seconds.
[9/23/15 10:10:32:827 EDT] 0000001b com.ibm.ws.app.manager.internal.statemachine.StartAction     I CWWKZ0018I: Starting application ILFRMSWebContent.
[9/23/15 10:10:32:921 EDT] 0000001b com.ibm.ws.webcontainer.osgi.webapp.WebGroup                 I SRVE0169I: Loading Web Module: ILFRMSWebContent.
[9/23/15 10:10:32:921 EDT] 0000001b com.ibm.ws.webcontainer                                      I SRVE0250I: Web Module ILFRMSWebContent has been bound to default_host.
[9/23/15 10:10:32:921 EDT] 0000001b com.ibm.ws.http.internal.VirtualHostImpl                     A CWWKT0016I: Web application available (default_host): http://VDDP03P-17D39AB.lm.lmig.com:9999/frmsadmin/*
[9/23/15 10:10:32:921 EDT] 0000001b com.ibm.ws.webcontainer.osgi.WebContainer                    I SRVE9998I: Application ILFRMSWebContent added to web container.
[9/23/15 10:10:32:921 EDT] 0000001b com.ibm.ws.app.manager.internal.statemachine.StartAction     A CWWKZ0001I: Application ILFRMSWebContent started in 0.4 seconds.
[9/23/15 10:10:33:030 EDT] 00000019 com.ibm.ws.kernel.feature.internal.FeatureManager            I CWWKF0008I: Feature update completed in 4.774 seconds.
[9/23/15 10:10:33:030 EDT] 00000019 com.ibm.ws.kernel.feature.internal.FeatureManager            A CWWKF0011I: The server defaultServer0 is ready to run a smarter planet.
[9/23/15 10:11:13:389 EDT] 00000029 com.ibm.ws.session.WASSessionCore                            I SESN8501I: The session manager did not find a persistent storage location; HttpSession objects will be stored in the local application server's memory.
[9/23/15 10:11:13:401 EDT] 00000029 com.ibm.ws.session.WASSessionCore                            I SESN0176I: A new session context will be created for application key default_host/frmsadmin
[9/23/15 10:11:13:419 EDT] 00000029 com.ibm.ws.util                                              I SESN0172I: The session manager is using the Java default SecureRandom implementation for session ID generation.
[9/23/15 10:11:13:677 EDT] 0000002e com.ibm.ws.session.WASSessionCore                            I SESN0176I: A new session context will be created for application key default_host/common
[9/23/15 10:11:13:677 EDT] 0000002e com.ibm.ws.util                                              I SESN0172I: The session manager is using the Java default SecureRandom implementation for session ID generation.
[9/23/15 10:11:18:523 EDT] 00000019 com.ibm.ws.webcontainer.extension                            W SRVE0190E: File not found: /dojo/dojo-release-1.10.3/common/widgets/ValidationTextArea.js
[9/23/15 10:22:46:494 EDT] 00000030 com.ibm.ws.webcontainer.extension                            W SRVE0190E: File not found: /dojo/dojo-release-1.10.3/common/widgets/ValidationTextArea.js
[9/23/15 10:23:51:002 EDT] 00000032 com.ibm.ws.webcontainer.extension                            W SRVE0190E: File not found: /dojo/dojo-release-1.10.3/common/widgets/ValidationTextArea.js
