[9/22/15 18:23:31:209 EDT] 00000001 com.ibm.ws.logging.internal.TraceSpecification               I TRAS0018I: The trace state has been changed. The new trace state is *=info=enabled.
[9/22/15 18:23:31:319 EDT] 00000001 .ibm.ws.kernel.launch.internal.platform.FrameworkManagerImpl A CWWKE0001I: The server defaultServer0 has been launched.
[9/22/15 18:23:33:378 EDT] 0000001a com.ibm.ws.kernel.feature.internal.FeatureManager            I CWWKF0007I: Feature update started.
[9/22/15 18:23:33:471 EDT] 00000001 .ibm.ws.kernel.launch.internal.platform.FrameworkManagerImpl I CWWKE0002I: The kernel started after 2.667
[9/22/15 18:23:34:922 EDT] 00000012 com.ibm.ws.tcpchannel.internal.TCPChannel                    I CWWKO0219I: TCP Channel defaultHttpEndpoint has been started and is now listening for requests on host *  (IPv6) port 9999.
[9/22/15 18:23:35:593 EDT] 00000012 com.ibm.ws.app.manager.internal.monitor.DropinMonitor        A CWWKZ0058I: Monitoring dropins for applications. 
[9/22/15 18:23:35:656 EDT] 0000001f com.ibm.ws.app.manager.internal.statemachine.StartAction     I CWWKZ0018I: Starting application ILSharedUIWeb.
[9/22/15 18:23:36:295 EDT] 0000001f com.ibm.ws.webcontainer.osgi.webapp.WebGroup                 I SRVE0169I: Loading Web Module: ILSharedUIWeb.
[9/22/15 18:23:36:295 EDT] 0000001f com.ibm.ws.webcontainer                                      I SRVE0250I: Web Module ILSharedUIWeb has been bound to default_host.
[9/22/15 18:23:36:295 EDT] 0000001f com.ibm.ws.http.internal.VirtualHostImpl                     A CWWKT0016I: Web application available (default_host): http://VDDP03P-17D39AB.lm.lmig.com:9999/common/*
[9/22/15 18:23:36:295 EDT] 0000001f com.ibm.ws.webcontainer.osgi.WebContainer                    I SRVE9998I: Application ILSharedUIWeb added to web container.
[9/22/15 18:23:36:295 EDT] 0000001f com.ibm.ws.app.manager.internal.statemachine.StartAction     A CWWKZ0001I: Application ILSharedUIWeb started in 0.39 seconds.
[9/22/15 18:23:36:311 EDT] 0000001f com.ibm.ws.app.manager.internal.statemachine.StartAction     I CWWKZ0018I: Starting application proxy.
[9/22/15 18:23:36:685 EDT] 0000001f com.ibm.ws.webcontainer.osgi.webapp.WebGroup                 I SRVE0169I: Loading Web Module: Ajax Proxy for IBM WebSphere.
[9/22/15 18:23:36:685 EDT] 0000001f com.ibm.ws.webcontainer                                      I SRVE0250I: Web Module Ajax Proxy for IBM WebSphere has been bound to default_host.
[9/22/15 18:23:36:685 EDT] 0000001f com.ibm.ws.http.internal.VirtualHostImpl                     A CWWKT0016I: Web application available (default_host): http://VDDP03P-17D39AB.lm.lmig.com:9999/proxy/*
[9/22/15 18:23:36:701 EDT] 0000001f com.ibm.ws.webcontainer.osgi.WebContainer                    I SRVE9998I: Application proxy added to web container.
[9/22/15 18:23:36:701 EDT] 0000001f com.ibm.ws.app.manager.internal.statemachine.StartAction     A CWWKZ0001I: Application proxy started in 0.90 seconds.
[9/22/15 18:23:36:701 EDT] 0000001f com.ibm.ws.app.manager.internal.statemachine.StartAction     I CWWKZ0018I: Starting application ILFRMSWebContent.
[9/22/15 18:23:36:732 EDT] 0000001f com.ibm.ws.webcontainer.osgi.webapp.WebGroup                 I SRVE0169I: Loading Web Module: ILFRMSWebContent.
[9/22/15 18:23:36:732 EDT] 0000001f com.ibm.ws.webcontainer                                      I SRVE0250I: Web Module ILFRMSWebContent has been bound to default_host.
[9/22/15 18:23:36:732 EDT] 0000001f com.ibm.ws.http.internal.VirtualHostImpl                     A CWWKT0016I: Web application available (default_host): http://VDDP03P-17D39AB.lm.lmig.com:9999/frmsadmin/*
[9/22/15 18:23:36:732 EDT] 0000001f com.ibm.ws.webcontainer.osgi.WebContainer                    I SRVE9998I: Application ILFRMSWebContent added to web container.
[9/22/15 18:23:36:732 EDT] 0000001f com.ibm.ws.app.manager.internal.statemachine.StartAction     A CWWKZ0001I: Application ILFRMSWebContent started in 0.1 seconds.
[9/22/15 18:23:36:857 EDT] 0000001a com.ibm.ws.kernel.feature.internal.FeatureManager            I CWWKF0008I: Feature update completed in 3.479 seconds.
[9/22/15 18:23:36:857 EDT] 0000001a com.ibm.ws.kernel.feature.internal.FeatureManager            A CWWKF0011I: The server defaultServer0 is ready to run a smarter planet.
[9/22/15 18:24:28:674 EDT] 00000028 com.ibm.ws.session.WASSessionCore                            I SESN8501I: The session manager did not find a persistent storage location; HttpSession objects will be stored in the local application server's memory.
[9/22/15 18:24:28:688 EDT] 00000028 com.ibm.ws.session.WASSessionCore                            I SESN0176I: A new session context will be created for application key default_host/frmsadmin
[9/22/15 18:24:28:713 EDT] 00000028 com.ibm.ws.util                                              I SESN0172I: The session manager is using the Java default SecureRandom implementation for session ID generation.
[9/22/15 18:24:29:330 EDT] 0000002d com.ibm.ws.session.WASSessionCore                            I SESN0176I: A new session context will be created for application key default_host/common
[9/22/15 18:24:29:330 EDT] 0000002d com.ibm.ws.util                                              I SESN0172I: The session manager is using the Java default SecureRandom implementation for session ID generation.
[9/22/15 18:24:33:133 EDT] 00000028 com.ibm.ws.session.WASSessionCore                            I SESN0176I: A new session context will be created for application key default_host/proxy
[9/22/15 18:24:33:134 EDT] 00000028 com.ibm.ws.util                                              I SESN0172I: The session manager is using the Java default SecureRandom implementation for session ID generation.
[9/22/15 18:24:35:421 EDT] 00000028 com.ibm.ws.ajaxproxy.servlet.ProxyServlet                    I CWXJX0600W: The Ajax proxy has been enabled to support unsigned Secure Sockets Layer (SSL) certificates. 
[9/22/15 18:24:35:421 EDT] 00000028 com.ibm.ws.webcontainer.servlet                              I SRVE0242I: [proxy] [/proxy] [ProxyServlet]: Initialization successful.
[9/22/15 18:28:02:415 EDT] 00000034 com.ibm.ws.webcontainer.extension                            W SRVE0190E: File not found: /dojo/dojo-release-1.10.3/common/widgets/ValidationTextArea.js
